<?xml version="1.0" encoding="UTF-8"?>
<!-- Generated by org.testng.reporters.JUnitXMLReporter -->
<testsuite ignored="3" hostname="kalpesh16" failures="1" tests="1" name="Test" time="16.5" errors="0" timestamp="04 Oct 2021 15:55:57 GMT">
  <testcase classname="Testng.PomSetup.EbaySetup" name="sportsPage" time="1.312">
    <failure type="org.openqa.selenium.ElementClickInterceptedException" message="element click intercepted: Element &amp;lt;img width=&amp;quot;250&amp;quot; height=&amp;quot;200&amp;quot; style=&amp;quot;clip:rect(47px, 118px, 95px, 0px); position:absolute; top:-47px;left:0&amp;quot; alt=&amp;quot;eBay Logo&amp;quot; src=&amp;quot;https://ir.ebaystatic.com/rs/v/fxxj3ttftm5ltcqnto1o4baovyl.png&amp;quot; id=&amp;quot;gh-logo&amp;quot;&amp;gt; is not clickable at point (91, 68). Other element would receive the click: &amp;lt;a href=&amp;quot;https://www.ebay.com/&amp;quot; _sp=&amp;quot;m570.l2586&amp;quot; id=&amp;quot;gh-la&amp;quot;&amp;gt;...&amp;lt;/a&amp;gt;
  (Session info: chrome=94.0.4606.61)
Build info: version: &amp;apos;3.141.59&amp;apos;, revision: &amp;apos;e82be7d358&amp;apos;, time: &amp;apos;2018-11-14T08:17:03&amp;apos;
System info: host: &amp;apos;KALPESH16&amp;apos;, ip: &amp;apos;192.168.32.1&amp;apos;, os.name: &amp;apos;Windows 10&amp;apos;, os.arch: &amp;apos;amd64&amp;apos;, os.version: &amp;apos;10.0&amp;apos;, java.version: &amp;apos;16.0.2&amp;apos;
Driver info: org.openqa.selenium.chrome.ChromeDriver
Capabilities {acceptInsecureCerts: false, browserName: chrome, browserVersion: 94.0.4606.61, chrome: {chromedriverVersion: 94.0.4606.61 (418b78f5838ed..., userDataDir: C:\Users\kalpe\AppData\Loca...}, goog:chromeOptions: {debuggerAddress: localhost:51388}, javascriptEnabled: true, networkConnectionEnabled: false, pageLoadStrategy: normal, platform: WINDOWS, platformName: WINDOWS, proxy: Proxy(), setWindowRect: true, strictFileInteractability: false, timeouts: {implicit: 0, pageLoad: 300000, script: 30000}, unhandledPromptBehavior: dismiss and notify, webauthn:extension:credBlob: true, webauthn:extension:largeBlob: true, webauthn:virtualAuthenticators: true}
Session ID: 32f586599f5e96899efa35dfd3cb18c4">
      <![CDATA[org.openqa.selenium.ElementClickInterceptedException: element click intercepted: Element <img width="250" height="200" style="clip:rect(47px, 118px, 95px, 0px); position:absolute; top:-47px;left:0" alt="eBay Logo" src="https://ir.ebaystatic.com/rs/v/fxxj3ttftm5ltcqnto1o4baovyl.png" id="gh-logo"> is not clickable at point (91, 68). Other element would receive the click: <a href="https://www.ebay.com/" _sp="m570.l2586" id="gh-la">...</a>
  (Session info: chrome=94.0.4606.61)
Build info: version: '3.141.59', revision: 'e82be7d358', time: '2018-11-14T08:17:03'
System info: host: 'KALPESH16', ip: '192.168.32.1', os.name: 'Windows 10', os.arch: 'amd64', os.version: '10.0', java.version: '16.0.2'
Driver info: org.openqa.selenium.chrome.ChromeDriver
Capabilities {acceptInsecureCerts: false, browserName: chrome, browserVersion: 94.0.4606.61, chrome: {chromedriverVersion: 94.0.4606.61 (418b78f5838ed..., userDataDir: C:\Users\kalpe\AppData\Loca...}, goog:chromeOptions: {debuggerAddress: localhost:51388}, javascriptEnabled: true, networkConnectionEnabled: false, pageLoadStrategy: normal, platform: WINDOWS, platformName: WINDOWS, proxy: Proxy(), setWindowRect: true, strictFileInteractability: false, timeouts: {implicit: 0, pageLoad: 300000, script: 30000}, unhandledPromptBehavior: dismiss and notify, webauthn:extension:credBlob: true, webauthn:extension:largeBlob: true, webauthn:virtualAuthenticators: true}
Session ID: 32f586599f5e96899efa35dfd3cb18c4
at org.openqa.selenium.remote.http.W3CHttpResponseCodec.createException(W3CHttpResponseCodec.java:187)
at org.openqa.selenium.remote.http.W3CHttpResponseCodec.decode(W3CHttpResponseCodec.java:122)
at org.openqa.selenium.remote.http.W3CHttpResponseCodec.decode(W3CHttpResponseCodec.java:49)
at org.openqa.selenium.remote.HttpCommandExecutor.execute(HttpCommandExecutor.java:158)
at org.openqa.selenium.remote.service.DriverCommandExecutor.execute(DriverCommandExecutor.java:83)
at org.openqa.selenium.remote.RemoteWebDriver.execute(RemoteWebDriver.java:552)
at org.openqa.selenium.remote.RemoteWebElement.execute(RemoteWebElement.java:285)
at org.openqa.selenium.remote.RemoteWebElement.click(RemoteWebElement.java:84)
at org.openqa.selenium.support.pagefactory.internal.LocatingElementHandler.invoke(LocatingElementHandler.java:51)
at jdk.proxy2/jdk.proxy2.$Proxy12.click(Unknown Source)
at Testng.PomPages.EbaySportsPage.logo(EbaySportsPage.java:26)
at Testng.PomSetup.EbaySetup.sportsPage(EbaySetup.java:52)
... Removed 34 stack frames]]>
    </failure>
  </testcase> <!-- sportsPage -->
  <testcase classname="Testng.PomSetup.EbaySetup" name="navigate_to_homepage_click_on_SearchBar" time="0.0">
    <ignored/>
  </testcase> <!-- navigate_to_homepage_click_on_SearchBar -->
  <testcase classname="Testng.PomSetup.EbaySetup" name="sellPage" time="0.0">
    <ignored/>
  </testcase> <!-- sellPage -->
  <testcase classname="Testng.PomSetup.EbaySetup" name="electronicsPage" time="0.0">
    <ignored/>
  </testcase> <!-- electronicsPage -->
</testsuite> <!-- Test -->
